#
# There is insufficient memory for the Java Runtime Environment to continue.
# Native memory allocation (malloc) failed to allocate 525216 bytes. Error detail: Chunk::new
# Possible reasons:
#   The system is out of physical RAM or swap space
#   This process is running with CompressedOops enabled, and the Java Heap may be blocking the growth of the native heap
# Possible solutions:
#   Reduce memory load on the system
#   Increase physical memory or swap space
#   Check if swap backing store is full
#   Decrease Java heap size (-Xmx/-Xms)
#   Decrease number of Java threads
#   Decrease Java thread stack sizes (-Xss)
#   Set larger code cache with -XX:ReservedCodeCacheSize=
#   JVM is running with Zero Based Compressed Oops mode in which the Java heap is
#     placed in the first 32GB address space. The Java Heap base address is the
#     maximum limit for the native heap growth. Please use -XX:HeapBaseMinAddress
#     to set the Java Heap base and to place the Java Heap above 32GB virtual address.
# This output file may be truncated or incomplete.
#
#  Out of Memory Error (arena.cpp:149), pid=37160, tid=3064
#
# JRE version: Java(TM) SE Runtime Environment (23.0.2+7) (build 23.0.2+7-58)
# Java VM: Java HotSpot(TM) 64-Bit Server VM (23.0.2+7-58, mixed mode, sharing, tiered, compressed oops, compressed class ptrs, g1 gc, windows-amd64)
# No core dump will be written. Minidumps are not enabled by default on client versions of Windows
#

---------------  S U M M A R Y ------------

Command Line: -Dfile.encoding=UTF-8 -Dstdout.encoding=UTF-8 -Dstderr.encoding=UTF-8 --module-path=C:\Users\manue\Downloads\Proyecto poo\Proyecto final\Proyecto final\Tienda\bin -XX:+ShowCodeDetailsInExceptionMessages -Djdk.module.main=Tienda Tienda/gui.VenAdministrador

Host: 11th Gen Intel(R) Core(TM) i7-1165G7 @ 2.80GHz, 8 cores, 31G,  Windows 11 , 64 bit Build 26100 (10.0.26100.3912)
Time: Fri May 30 19:00:52 2025 SA Pacific Standard Time elapsed time: 10.297342 seconds (0d 0h 0m 10s)

---------------  T H R E A D  ---------------

Current thread (0x00000169e5b37130):  JavaThread "C2 CompilerThread0" daemon [_thread_in_native, id=3064, stack(0x0000005fdb500000,0x0000005fdb600000) (1024K)]


Current CompileTask:
C2:10297 1604   !   4       sun.awt.PostEventQueue::flush (168 bytes)

Stack: [0x0000005fdb500000,0x0000005fdb600000]
Native frames: (J=compiled Java code, j=interpreted, Vv=VM code, C=native code)
V  [jvm.dll+0x6e0b99]  (no source info available)
V  [jvm.dll+0x87e2b3]  (no source info available)
V  [jvm.dll+0x88073e]  (no source info available)
V  [jvm.dll+0x880e13]  (no source info available)
V  [jvm.dll+0x27b006]  (no source info available)
V  [jvm.dll+0xbc06f]  (no source info available)
V  [jvm.dll+0xbc2cb]  (no source info available)
V  [jvm.dll+0x2eea6d]  (no source info available)
V  [jvm.dll+0x606669]  (no source info available)
V  [jvm.dll+0x24def2]  (no source info available)
V  [jvm.dll+0x24681d]  (no source info available)
V  [jvm.dll+0x243e04]  (no source info available)
V  [jvm.dll+0x1c34b0]  (no source info available)
V  [jvm.dll+0x253df1]  (no source info available)
V  [jvm.dll+0x2520aa]  (no source info available)
V  [jvm.dll+0x3ee226]  (no source info available)
V  [jvm.dll+0x8254cb]  (no source info available)
V  [jvm.dll+0x6df345]  (no source info available)
C  [ucrtbase.dll+0x37b0]  (no source info available)
C  [KERNEL32.DLL+0x2e8d7]  (no source info available)
C  [ntdll.dll+0x9c5dc]  (no source info available)

Lock stack of current Java thread (top to bottom):


---------------  P R O C E S S  ---------------

Threads class SMR info:
_java_thread_list=0x0000016a2c7b6160, length=17, elements={
0x00000169e3299ff0, 0x00000169e329b7c0, 0x00000169e5b33320, 0x00000169e5b33e70,
0x00000169e5b35dd0, 0x00000169e5b42430, 0x00000169e5b37130, 0x00000169e5b5a1b0,
0x00000169e5b41710, 0x00000169e5b43150, 0x00000169e5b409f0, 0x00000169e5b437e0,
0x00000169e5b41080, 0x00000169e5b42ac0, 0x00000169e5b43e70, 0x00000169e5b41da0,
0x0000016a2c8872e0
}

Java Threads: ( => current thread )
  0x00000169e3299ff0 JavaThread "Reference Handler"          daemon [_thread_blocked, id=35872, stack(0x0000005fdaf00000,0x0000005fdb000000) (1024K)]
  0x00000169e329b7c0 JavaThread "Finalizer"                  daemon [_thread_blocked, id=34780, stack(0x0000005fdb000000,0x0000005fdb100000) (1024K)]
  0x00000169e5b33320 JavaThread "Signal Dispatcher"          daemon [_thread_blocked, id=11320, stack(0x0000005fdb100000,0x0000005fdb200000) (1024K)]
  0x00000169e5b33e70 JavaThread "Attach Listener"            daemon [_thread_blocked, id=41412, stack(0x0000005fdb200000,0x0000005fdb300000) (1024K)]
  0x00000169e5b35dd0 JavaThread "Service Thread"             daemon [_thread_blocked, id=2244, stack(0x0000005fdb300000,0x0000005fdb400000) (1024K)]
  0x00000169e5b42430 JavaThread "Monitor Deflation Thread"   daemon [_thread_blocked, id=23032, stack(0x0000005fdb400000,0x0000005fdb500000) (1024K)]
=>0x00000169e5b37130 JavaThread "C2 CompilerThread0"         daemon [_thread_in_native, id=3064, stack(0x0000005fdb500000,0x0000005fdb600000) (1024K)]
  0x00000169e5b5a1b0 JavaThread "C1 CompilerThread0"         daemon [_thread_blocked, id=38664, stack(0x0000005fdb600000,0x0000005fdb700000) (1024K)]
  0x00000169e5b41710 JavaThread "Common-Cleaner"             daemon [_thread_blocked, id=28844, stack(0x0000005fdb700000,0x0000005fdb800000) (1024K)]
  0x00000169e5b43150 JavaThread "Notification Thread"        daemon [_thread_blocked, id=33200, stack(0x0000005fdb800000,0x0000005fdb900000) (1024K)]
  0x00000169e5b409f0 JavaThread "Java2D Disposer"            daemon [_thread_blocked, id=26712, stack(0x0000005fdb900000,0x0000005fdba00000) (1024K)]
  0x00000169e5b437e0 JavaThread "AWT-Shutdown"                      [_thread_blocked, id=35752, stack(0x0000005fdba00000,0x0000005fdbb00000) (1024K)]
  0x00000169e5b41080 JavaThread "AWT-Windows"                daemon [_thread_in_native, id=33196, stack(0x0000005fdbb00000,0x0000005fdbc00000) (1024K)]
  0x00000169e5b42ac0 JavaThread "AWT-EventQueue-0"                  [_thread_blocked, id=36632, stack(0x0000005fdbc00000,0x0000005fdbd00000) (1024K)]
  0x00000169e5b43e70 JavaThread "DestroyJavaVM"                     [_thread_blocked, id=40716, stack(0x0000005fda700000,0x0000005fda800000) (1024K)]
  0x00000169e5b41da0 JavaThread "Thread-0"                          [_thread_blocked, id=37532, stack(0x0000005fdbd00000,0x0000005fdbe00000) (1024K)]
  0x0000016a2c8872e0 JavaThread "TimerQueue"                 daemon [_thread_blocked, id=31464, stack(0x0000005fdc100000,0x0000005fdc200000) (1024K)]
Total: 17

Other Threads:
  0x00000169e327eb60 VMThread "VM Thread"                           [id=42064, stack(0x0000005fdae00000,0x0000005fdaf00000) (1024K)]
  0x00000169e326a730 WatcherThread "VM Periodic Task Thread"        [id=34288, stack(0x0000005fdad00000,0x0000005fdae00000) (1024K)]
  0x00000169c1804420 WorkerThread "GC Thread#0"                     [id=36520, stack(0x0000005fda800000,0x0000005fda900000) (1024K)]
  0x00000169c181b8c0 ConcurrentGCThread "G1 Main Marker"            [id=16892, stack(0x0000005fda900000,0x0000005fdaa00000) (1024K)]
  0x00000169c181e3e0 WorkerThread "G1 Conc#0"                       [id=32076, stack(0x0000005fdaa00000,0x0000005fdab00000) (1024K)]
  0x00000169e313c270 ConcurrentGCThread "G1 Refine#0"               [id=42804, stack(0x0000005fdab00000,0x0000005fdac00000) (1024K)]
  0x00000169e313cdf0 ConcurrentGCThread "G1 Service"                [id=20700, stack(0x0000005fdac00000,0x0000005fdad00000) (1024K)]
Total: 7

Threads with active compile tasks:
C2 CompilerThread0  11351 1604   !   4       sun.awt.PostEventQueue::flush (168 bytes)
Total: 1

VM state: not at safepoint (normal execution)

VM Mutex/Monitor currently owned by a thread: None

Heap address: 0x0000000604000000, size: 8128 MB, Compressed Oops mode: Zero based, Oop shift amount: 3

CDS archive(s) mapped at: [0x00000169e6000000-0x00000169e6d70000-0x00000169e6d70000), size 14090240, SharedBaseAddress: 0x00000169e6000000, ArchiveRelocationMode: 1.
Compressed class space mapped at: 0x00000169e7000000-0x0000016a27000000, reserved size: 1073741824
Narrow klass base: 0x00000169e6000000, Narrow klass shift: 0, Narrow klass range: 0x41000000

GC Precious Log:
 CardTable entry size: 512
 Card Set container configuration: InlinePtr #cards 4 size 8 Array Of Cards #cards 32 size 80 Howl #buckets 8 coarsen threshold 7372 Howl Bitmap #cards 1024 size 144 coarsen threshold 921 Card regions per heap region 1 cards per card region 8192
 CPUs: 8 total, 8 available
 Memory: 32502M
 Large Page Support: Disabled
 NUMA Support: Disabled
 Compressed Oops: Enabled (Zero based)
 Heap Region Size: 4M
 Heap Min Capacity: 8M
 Heap Initial Capacity: 508M
 Heap Max Capacity: 8128M
 Pre-touch: Disabled
 Parallel Workers: 8
 Concurrent Workers: 2
 Concurrent Refinement Workers: 8
 Periodic GC: Disabled

Heap:
 garbage-first heap   total reserved 8323072K, committed 520192K, used 16384K [0x0000000604000000, 0x0000000800000000)
  region size 4096K, 4 young (16384K), 0 survivors (0K)
 Metaspace       used 9820K, committed 10112K, reserved 1114112K
  class space    used 1144K, committed 1280K, reserved 1048576K

Heap Regions: E=young(eden), S=young(survivor), O=old, HS=humongous(starts), HC=humongous(continues), CS=collection set, F=free, TAMS=top-at-mark-start, PB=parsable bottom
|   0|0x0000000604000000, 0x0000000604400000, 0x0000000604400000|100%|HS|  |TAMS 0x0000000604000000| PB 0x0000000604000000| Complete |  0
|   1|0x0000000604400000, 0x0000000604400000, 0x0000000604800000|  0%| F|  |TAMS 0x0000000604400000| PB 0x0000000604400000| Untracked |  0
|   2|0x0000000604800000, 0x0000000604800000, 0x0000000604c00000|  0%| F|  |TAMS 0x0000000604800000| PB 0x0000000604800000| Untracked |  0
|   3|0x0000000604c00000, 0x0000000604c00000, 0x0000000605000000|  0%| F|  |TAMS 0x0000000604c00000| PB 0x0000000604c00000| Untracked |  0
|   4|0x0000000605000000, 0x0000000605000000, 0x0000000605400000|  0%| F|  |TAMS 0x0000000605000000| PB 0x0000000605000000| Untracked |  0
|   5|0x0000000605400000, 0x0000000605400000, 0x0000000605800000|  0%| F|  |TAMS 0x0000000605400000| PB 0x0000000605400000| Untracked |  0
|   6|0x0000000605800000, 0x0000000605800000, 0x0000000605c00000|  0%| F|  |TAMS 0x0000000605800000| PB 0x0000000605800000| Untracked |  0
|   7|0x0000000605c00000, 0x0000000605c00000, 0x0000000606000000|  0%| F|  |TAMS 0x0000000605c00000| PB 0x0000000605c00000| Untracked |  0
|   8|0x0000000606000000, 0x0000000606000000, 0x0000000606400000|  0%| F|  |TAMS 0x0000000606000000| PB 0x0000000606000000| Untracked |  0
|   9|0x0000000606400000, 0x0000000606400000, 0x0000000606800000|  0%| F|  |TAMS 0x0000000606400000| PB 0x0000000606400000| Untracked |  0
|  10|0x0000000606800000, 0x0000000606800000, 0x0000000606c00000|  0%| F|  |TAMS 0x0000000606800000| PB 0x0000000606800000| Untracked |  0
|  11|0x0000000606c00000, 0x0000000606c00000, 0x0000000607000000|  0%| F|  |TAMS 0x0000000606c00000| PB 0x0000000606c00000| Untracked |  0
|  12|0x0000000607000000, 0x0000000607000000, 0x0000000607400000|  0%| F|  |TAMS 0x0000000607000000| PB 0x0000000607000000| Untracked |  0
|  13|0x0000000607400000, 0x0000000607400000, 0x0000000607800000|  0%| F|  |TAMS 0x0000000607400000| PB 0x0000000607400000| Untracked |  0
|  14|0x0000000607800000, 0x0000000607800000, 0x0000000607c00000|  0%| F|  |TAMS 0x0000000607800000| PB 0x0000000607800000| Untracked |  0
|  15|0x0000000607c00000, 0x0000000607c00000, 0x0000000608000000|  0%| F|  |TAMS 0x0000000607c00000| PB 0x0000000607c00000| Untracked |  0
|  16|0x0000000608000000, 0x0000000608000000, 0x0000000608400000|  0%| F|  |TAMS 0x0000000608000000| PB 0x0000000608000000| Untracked |  0
|  17|0x0000000608400000, 0x0000000608400000, 0x0000000608800000|  0%| F|  |TAMS 0x0000000608400000| PB 0x0000000608400000| Untracked |  0
|  18|0x0000000608800000, 0x0000000608800000, 0x0000000608c00000|  0%| F|  |TAMS 0x0000000608800000| PB 0x0000000608800000| Untracked |  0
|  19|0x0000000608c00000, 0x0000000608c00000, 0x0000000609000000|  0%| F|  |TAMS 0x0000000608c00000| PB 0x0000000608c00000| Untracked |  0
|  20|0x0000000609000000, 0x0000000609000000, 0x0000000609400000|  0%| F|  |TAMS 0x0000000609000000| PB 0x0000000609000000| Untracked |  0
|  21|0x0000000609400000, 0x0000000609400000, 0x0000000609800000|  0%| F|  |TAMS 0x0000000609400000| PB 0x0000000609400000| Untracked |  0
|  22|0x0000000609800000, 0x0000000609800000, 0x0000000609c00000|  0%| F|  |TAMS 0x0000000609800000| PB 0x0000000609800000| Untracked |  0
|  23|0x0000000609c00000, 0x0000000609c00000, 0x000000060a000000|  0%| F|  |TAMS 0x0000000609c00000| PB 0x0000000609c00000| Untracked |  0
|  24|0x000000060a000000, 0x000000060a000000, 0x000000060a400000|  0%| F|  |TAMS 0x000000060a000000| PB 0x000000060a000000| Untracked |  0
|  25|0x000000060a400000, 0x000000060a400000, 0x000000060a800000|  0%| F|  |TAMS 0x000000060a400000| PB 0x000000060a400000| Untracked |  0
|  26|0x000000060a800000, 0x000000060a800000, 0x000000060ac00000|  0%| F|  |TAMS 0x000000060a800000| PB 0x000000060a800000| Untracked |  0
|  27|0x000000060ac00000, 0x000000060ac00000, 0x000000060b000000|  0%| F|  |TAMS 0x000000060ac00000| PB 0x000000060ac00000| Untracked |  0
|  28|0x000000060b000000, 0x000000060b000000, 0x000000060b400000|  0%| F|  |TAMS 0x000000060b000000| PB 0x000000060b000000| Untracked |  0
|  29|0x000000060b400000, 0x000000060b400000, 0x000000060b800000|  0%| F|  |TAMS 0x000000060b400000| PB 0x000000060b400000| Untracked |  0
|  30|0x000000060b800000, 0x000000060b800000, 0x000000060bc00000|  0%| F|  |TAMS 0x000000060b800000| PB 0x000000060b800000| Untracked |  0
|  31|0x000000060bc00000, 0x000000060bc00000, 0x000000060c000000|  0%| F|  |TAMS 0x000000060bc00000| PB 0x000000060bc00000| Untracked |  0
|  32|0x000000060c000000, 0x000000060c000000, 0x000000060c400000|  0%| F|  |TAMS 0x000000060c000000| PB 0x000000060c000000| Untracked |  0
|  33|0x000000060c400000, 0x000000060c400000, 0x000000060c800000|  0%| F|  |TAMS 0x000000060c400000| PB 0x000000060c400000| Untracked |  0
|  34|0x000000060c800000, 0x000000060c800000, 0x000000060cc00000|  0%| F|  |TAMS 0x000000060c800000| PB 0x000000060c800000| Untracked |  0
|  35|0x000000060cc00000, 0x000000060cc00000, 0x000000060d000000|  0%| F|  |TAMS 0x000000060cc00000| PB 0x000000060cc00000| Untracked |  0
|  36|0x000000060d000000, 0x000000060d000000, 0x000000060d400000|  0%| F|  |TAMS 0x000000060d000000| PB 0x000000060d000000| Untracked |  0
|  37|0x000000060d400000, 0x000000060d400000, 0x000000060d800000|  0%| F|  |TAMS 0x000000060d400000| PB 0x000000060d400000| Untracked |  0
|  38|0x000000060d800000, 0x000000060d800000, 0x000000060dc00000|  0%| F|  |TAMS 0x000000060d800000| PB 0x000000060d800000| Untracked |  0
|  39|0x000000060dc00000, 0x000000060dc00000, 0x000000060e000000|  0%| F|  |TAMS 0x000000060dc00000| PB 0x000000060dc00000| Untracked |  0
|  40|0x000000060e000000, 0x000000060e000000, 0x000000060e400000|  0%| F|  |TAMS 0x000000060e000000| PB 0x000000060e000000| Untracked |  0
|  41|0x000000060e400000, 0x000000060e400000, 0x000000060e800000|  0%| F|  |TAMS 0x000000060e400000| PB 0x000000060e400000| Untracked |  0
|  42|0x000000060e800000, 0x000000060e800000, 0x000000060ec00000|  0%| F|  |TAMS 0x000000060e800000| PB 0x000000060e800000| Untracked |  0
|  43|0x000000060ec00000, 0x000000060ec00000, 0x000000060f000000|  0%| F|  |TAMS 0x000000060ec00000| PB 0x000000060ec00000| Untracked |  0
|  44|0x000000060f000000, 0x000000060f000000, 0x000000060f400000|  0%| F|  |TAMS 0x000000060f000000| PB 0x000000060f000000| Untracked |  0
|  45|0x000000060f400000, 0x000000060f400000, 0x000000060f800000|  0%| F|  |TAMS 0x000000060f400000| PB 0x000000060f400000| Untracked |  0
|  46|0x000000060f800000, 0x000000060f800000, 0x000000060fc00000|  0%| F|  |TAMS 0x000000060f800000| PB 0x000000060f800000| Untracked |  0
|  47|0x000000060fc00000, 0x000000060fc00000, 0x0000000610000000|  0%| F|  |TAMS 0x000000060fc00000| PB 0x000000060fc00000| Untracked |  0
|  48|0x0000000610000000, 0x0000000610000000, 0x0000000610400000|  0%| F|  |TAMS 0x0000000610000000| PB 0x0000000610000000| Untracked |  0
|  49|0x0000000610400000, 0x0000000610400000, 0x0000000610800000|  0%| F|  |TAMS 0x0000000610400000| PB 0x0000000610400000| Untracked |  0
|  50|0x0000000610800000, 0x0000000610800000, 0x0000000610c00000|  0%| F|  |TAMS 0x0000000610800000| PB 0x0000000610800000| Untracked |  0
|  51|0x0000000610c00000, 0x0000000610c00000, 0x0000000611000000|  0%| F|  |TAMS 0x0000000610c00000| PB 0x0000000610c00000| Untracked |  0
|  52|0x0000000611000000, 0x0000000611000000, 0x0000000611400000|  0%| F|  |TAMS 0x0000000611000000| PB 0x0000000611000000| Untracked |  0
|  53|0x0000000611400000, 0x0000000611400000, 0x0000000611800000|  0%| F|  |TAMS 0x0000000611400000| PB 0x0000000611400000| Untracked |  0
|  54|0x0000000611800000, 0x0000000611800000, 0x0000000611c00000|  0%| F|  |TAMS 0x0000000611800000| PB 0x0000000611800000| Untracked |  0
|  55|0x0000000611c00000, 0x0000000611c00000, 0x0000000612000000|  0%| F|  |TAMS 0x0000000611c00000| PB 0x0000000611c00000| Untracked |  0
|  56|0x0000000612000000, 0x0000000612000000, 0x0000000612400000|  0%| F|  |TAMS 0x0000000612000000| PB 0x0000000612000000| Untracked |  0
|  57|0x0000000612400000, 0x0000000612400000, 0x0000000612800000|  0%| F|  |TAMS 0x0000000612400000| PB 0x0000000612400000| Untracked |  0
|  58|0x0000000612800000, 0x0000000612800000, 0x0000000612c00000|  0%| F|  |TAMS 0x0000000612800000| PB 0x0000000612800000| Untracked |  0
|  59|0x0000000612c00000, 0x0000000612c00000, 0x0000000613000000|  0%| F|  |TAMS 0x0000000612c00000| PB 0x0000000612c00000| Untracked |  0
|  60|0x0000000613000000, 0x0000000613000000, 0x0000000613400000|  0%| F|  |TAMS 0x0000000613000000| PB 0x0000000613000000| Untracked |  0
|  61|0x0000000613400000, 0x0000000613400000, 0x0000000613800000|  0%| F|  |TAMS 0x0000000613400000| PB 0x0000000613400000| Untracked |  0
|  62|0x0000000613800000, 0x0000000613800000, 0x0000000613c00000|  0%| F|  |TAMS 0x0000000613800000| PB 0x0000000613800000| Untracked |  0
|  63|0x0000000613c00000, 0x0000000613c00000, 0x0000000614000000|  0%| F|  |TAMS 0x0000000613c00000| PB 0x0000000613c00000| Untracked |  0
|  64|0x0000000614000000, 0x0000000614000000, 0x0000000614400000|  0%| F|  |TAMS 0x0000000614000000| PB 0x0000000614000000| Untracked |  0
|  65|0x0000000614400000, 0x0000000614400000, 0x0000000614800000|  0%| F|  |TAMS 0x0000000614400000| PB 0x0000000614400000| Untracked |  0
|  66|0x0000000614800000, 0x0000000614800000, 0x0000000614c00000|  0%| F|  |TAMS 0x0000000614800000| PB 0x0000000614800000| Untracked |  0
|  67|0x0000000614c00000, 0x0000000614c00000, 0x0000000615000000|  0%| F|  |TAMS 0x0000000614c00000| PB 0x0000000614c00000| Untracked |  0
|  68|0x0000000615000000, 0x0000000615000000, 0x0000000615400000|  0%| F|  |TAMS 0x0000000615000000| PB 0x0000000615000000| Untracked |  0
|  69|0x0000000615400000, 0x0000000615400000, 0x0000000615800000|  0%| F|  |TAMS 0x0000000615400000| PB 0x0000000615400000| Untracked |  0
|  70|0x0000000615800000, 0x0000000615800000, 0x0000000615c00000|  0%| F|  |TAMS 0x0000000615800000| PB 0x0000000615800000| Untracked |  0
|  71|0x0000000615c00000, 0x0000000615c00000, 0x0000000616000000|  0%| F|  |TAMS 0x0000000615c00000| PB 0x0000000615c00000| Untracked |  0
|  72|0x0000000616000000, 0x0000000616000000, 0x0000000616400000|  0%| F|  |TAMS 0x0000000616000000| PB 0x0000000616000000| Untracked |  0
|  73|0x0000000616400000, 0x0000000616400000, 0x0000000616800000|  0%| F|  |TAMS 0x0000000616400000| PB 0x0000000616400000| Untracked |  0
|  74|0x0000000616800000, 0x0000000616800000, 0x0000000616c00000|  0%| F|  |TAMS 0x0000000616800000| PB 0x0000000616800000| Untracked |  0
|  75|0x0000000616c00000, 0x0000000616c00000, 0x0000000617000000|  0%| F|  |TAMS 0x0000000616c00000| PB 0x0000000616c00000| Untracked |  0
|  76|0x0000000617000000, 0x0000000617000000, 0x0000000617400000|  0%| F|  |TAMS 0x0000000617000000| PB 0x0000000617000000| Untracked |  0
|  77|0x0000000617400000, 0x0000000617400000, 0x0000000617800000|  0%| F|  |TAMS 0x0000000617400000| PB 0x0000000617400000| Untracked |  0
|  78|0x0000000617800000, 0x0000000617800000, 0x0000000617c00000|  0%| F|  |TAMS 0x0000000617800000| PB 0x0000000617800000| Untracked |  0
|  79|0x0000000617c00000, 0x0000000617c00000, 0x0000000618000000|  0%| F|  |TAMS 0x0000000617c00000| PB 0x0000000617c00000| Untracked |  0
|  80|0x0000000618000000, 0x0000000618000000, 0x0000000618400000|  0%| F|  |TAMS 0x0000000618000000| PB 0x0000000618000000| Untracked |  0
|  81|0x0000000618400000, 0x0000000618400000, 0x0000000618800000|  0%| F|  |TAMS 0x0000000618400000| PB 0x0000000618400000| Untracked |  0
|  82|0x0000000618800000, 0x0000000618800000, 0x0000000618c00000|  0%| F|  |TAMS 0x0000000618800000| PB 0x0000000618800000| Untracked |  0
|  83|0x0000000618c00000, 0x0000000618c00000, 0x0000000619000000|  0%| F|  |TAMS 0x0000000618c00000| PB 0x0000000618c00000| Untracked |  0
|  84|0x0000000619000000, 0x0000000619000000, 0x0000000619400000|  0%| F|  |TAMS 0x0000000619000000| PB 0x0000000619000000| Untracked |  0
|  85|0x0000000619400000, 0x0000000619400000, 0x0000000619800000|  0%| F|  |TAMS 0x0000000619400000| PB 0x0000000619400000| Untracked |  0
|  86|0x0000000619800000, 0x0000000619800000, 0x0000000619c00000|  0%| F|  |TAMS 0x0000000619800000| PB 0x0000000619800000| Untracked |  0
|  87|0x0000000619c00000, 0x0000000619c00000, 0x000000061a000000|  0%| F|  |TAMS 0x0000000619c00000| PB 0x0000000619c00000| Untracked |  0
|  88|0x000000061a000000, 0x000000061a000000, 0x000000061a400000|  0%| F|  |TAMS 0x000000061a000000| PB 0x000000061a000000| Untracked |  0
|  89|0x000000061a400000, 0x000000061a400000, 0x000000061a800000|  0%| F|  |TAMS 0x000000061a400000| PB 0x000000061a400000| Untracked |  0
|  90|0x000000061a800000, 0x000000061a800000, 0x000000061ac00000|  0%| F|  |TAMS 0x000000061a800000| PB 0x000000061a800000| Untracked |  0
|  91|0x000000061ac00000, 0x000000061ac00000, 0x000000061b000000|  0%| F|  |TAMS 0x000000061ac00000| PB 0x000000061ac00000| Untracked |  0
|  92|0x000000061b000000, 0x000000061b000000, 0x000000061b400000|  0%| F|  |TAMS 0x000000061b000000| PB 0x000000061b000000| Untracked |  0
|  93|0x000000061b400000, 0x000000061b400000, 0x000000061b800000|  0%| F|  |TAMS 0x000000061b400000| PB 0x000000061b400000| Untracked |  0
|  94|0x000000061b800000, 0x000000061b800000, 0x000000061bc00000|  0%| F|  |TAMS 0x000000061b800000| PB 0x000000061b800000| Untracked |  0
|  95|0x000000061bc00000, 0x000000061bc00000, 0x000000061c000000|  0%| F|  |TAMS 0x000000061bc00000| PB 0x000000061bc00000| Untracked |  0
|  96|0x000000061c000000, 0x000000061c000000, 0x000000061c400000|  0%| F|  |TAMS 0x000000061c000000| PB 0x000000061c000000| Untracked |  0
|  97|0x000000061c400000, 0x000000061c400000, 0x000000061c800000|  0%| F|  |TAMS 0x000000061c400000| PB 0x000000061c400000| Untracked |  0
|  98|0x000000061c800000, 0x000000061c800000, 0x000000061cc00000|  0%| F|  |TAMS 0x000000061c800000| PB 0x000000061c800000| Untracked |  0
|  99|0x000000061cc00000, 0x000000061cc00000, 0x000000061d000000|  0%| F|  |TAMS 0x000000061cc00000| PB 0x000000061cc00000| Untracked |  0
| 100|0x000000061d000000, 0x000000061d000000, 0x000000061d400000|  0%| F|  |TAMS 0x000000061d000000| PB 0x000000061d000000| Untracked |  0
| 101|0x000000061d400000, 0x000000061d400000, 0x000000061d800000|  0%| F|  |TAMS 0x000000061d400000| PB 0x000000061d400000| Untracked |  0
| 102|0x000000061d800000, 0x000000061d800000, 0x000000061dc00000|  0%| F|  |TAMS 0x000000061d800000| PB 0x000000061d800000| Untracked |  0
| 103|0x000000061dc00000, 0x000000061dc00000, 0x000000061e000000|  0%| F|  |TAMS 0x000000061dc00000| PB 0x000000061dc00000| Untracked |  0
| 104|0x000000061e000000, 0x000000061e000000, 0x000000061e400000|  0%| F|  |TAMS 0x000000061e000000| PB 0x000000061e000000| Untracked |  0
| 105|0x000000061e400000, 0x000000061e400000, 0x000000061e800000|  0%| F|  |TAMS 0x000000061e400000| PB 0x000000061e400000| Untracked |  0
| 106|0x000000061e800000, 0x000000061e800000, 0x000000061ec00000|  0%| F|  |TAMS 0x000000061e800000| PB 0x000000061e800000| Untracked |  0
| 107|0x000000061ec00000, 0x000000061ec00000, 0x000000061f000000|  0%| F|  |TAMS 0x000000061ec00000| PB 0x000000061ec00000| Untracked |  0
| 108|0x000000061f000000, 0x000000061f000000, 0x000000061f400000|  0%| F|  |TAMS 0x000000061f000000| PB 0x000000061f000000| Untracked |  0
| 109|0x000000061f400000, 0x000000061f400000, 0x000000061f800000|  0%| F|  |TAMS 0x000000061f400000| PB 0x000000061f400000| Untracked |  0
| 110|0x000000061f800000, 0x000000061f800000, 0x000000061fc00000|  0%| F|  |TAMS 0x000000061f800000| PB 0x000000061f800000| Untracked |  0
| 111|0x000000061fc00000, 0x000000061fc00000, 0x0000000620000000|  0%| F|  |TAMS 0x000000061fc00000| PB 0x000000061fc00000| Untracked |  0
| 112|0x0000000620000000, 0x0000000620000000, 0x0000000620400000|  0%| F|  |TAMS 0x0000000620000000| PB 0x0000000620000000| Untracked |  0
| 113|0x0000000620400000, 0x0000000620400000, 0x0000000620800000|  0%| F|  |TAMS 0x0000000620400000| PB 0x0000000620400000| Untracked |  0
| 114|0x0000000620800000, 0x0000000620800000, 0x0000000620c00000|  0%| F|  |TAMS 0x0000000620800000| PB 0x0000000620800000| Untracked |  0
| 115|0x0000000620c00000, 0x0000000620c00000, 0x0000000621000000|  0%| F|  |TAMS 0x0000000620c00000| PB 0x0000000620c00000| Untracked |  0
| 116|0x0000000621000000, 0x0000000621000000, 0x0000000621400000|  0%| F|  |TAMS 0x0000000621000000| PB 0x0000000621000000| Untracked |  0
| 117|0x0000000621400000, 0x0000000621400000, 0x0000000621800000|  0%| F|  |TAMS 0x0000000621400000| PB 0x0000000621400000| Untracked |  0
| 118|0x0000000621800000, 0x0000000621800000, 0x0000000621c00000|  0%| F|  |TAMS 0x0000000621800000| PB 0x0000000621800000| Untracked |  0
| 119|0x0000000621c00000, 0x0000000621c00000, 0x0000000622000000|  0%| F|  |TAMS 0x0000000621c00000| PB 0x0000000621c00000| Untracked |  0
| 120|0x0000000622000000, 0x0000000622000000, 0x0000000622400000|  0%| F|  |TAMS 0x0000000622000000| PB 0x0000000622000000| Untracked |  0
| 121|0x0000000622400000, 0x0000000622400000, 0x0000000622800000|  0%| F|  |TAMS 0x0000000622400000| PB 0x0000000622400000| Untracked |  0
| 122|0x0000000622800000, 0x0000000622800000, 0x0000000622c00000|  0%| F|  |TAMS 0x0000000622800000| PB 0x0000000622800000| Untracked |  0
| 123|0x0000000622c00000, 0x0000000622deb8b0, 0x0000000623000000| 48%| E|  |TAMS 0x0000000622c00000| PB 0x0000000622c00000| Complete |  0
| 124|0x0000000623000000, 0x0000000623400000, 0x0000000623400000|100%| E|CS|TAMS 0x0000000623000000| PB 0x0000000623000000| Complete |  0
| 125|0x0000000623400000, 0x0000000623800000, 0x0000000623800000|100%| E|CS|TAMS 0x0000000623400000| PB 0x0000000623400000| Complete |  0
| 126|0x0000000623800000, 0x0000000623c00000, 0x0000000623c00000|100%| E|CS|TAMS 0x0000000623800000| PB 0x0000000623800000| Complete |  0

Card table byte_map: [0x00000169da1c0000,0x00000169db1a0000] _byte_map_base: 0x00000169d71a0000

Marking Bits: (CMBitMap*) 0x00000169c1804b30
 Bits: [0x00000169db1a0000, 0x00000169e30a0000)

Polling page: 0x00000169c0e80000

Metaspace:

Usage:
  Non-class:      8.47 MB used.
      Class:      1.12 MB used.
       Both:      9.59 MB used.

Virtual space:
  Non-class space:       64.00 MB reserved,       8.62 MB ( 13%) committed,  1 nodes.
      Class space:        1.00 GB reserved,       1.25 MB ( <1%) committed,  1 nodes.
             Both:        1.06 GB reserved,       9.88 MB ( <1%) committed. 

Chunk freelists:
   Non-Class:  6.94 MB
       Class:  14.70 MB
        Both:  21.64 MB

MaxMetaspaceSize: unlimited
CompressedClassSpaceSize: 1.00 GB
Initial GC threshold: 21.00 MB
Current GC threshold: 21.00 MB
CDS: on
 - commit_granule_bytes: 65536.
 - commit_granule_words: 8192.
 - virtual_space_node_default_size: 8388608.
 - enlarge_chunks_in_place: 1.
 - use_allocation_guard: 0.


Internal statistics:

num_allocs_failed_limit: 0.
num_arena_births: 268.
num_arena_deaths: 0.
num_vsnodes_births: 2.
num_vsnodes_deaths: 0.
num_space_committed: 158.
num_space_uncommitted: 0.
num_chunks_returned_to_freelist: 0.
num_chunks_taken_from_freelist: 330.
num_chunk_merges: 0.
num_chunk_splits: 201.
num_chunks_enlarged: 89.
num_inconsistent_stats: 0.

CodeHeap 'non-profiled nmethods': size=120064Kb used=446Kb max_used=446Kb free=119617Kb
 bounds [0x00000169d1960000, 0x00000169d1bd0000, 0x00000169d8ea0000]
CodeHeap 'profiled nmethods': size=120000Kb used=2202Kb max_used=2202Kb free=117797Kb
 bounds [0x00000169c9ea0000, 0x00000169ca110000, 0x00000169d13d0000]
CodeHeap 'non-nmethods': size=5696Kb used=1756Kb max_used=1775Kb free=3939Kb
 bounds [0x00000169d13d0000, 0x00000169d1640000, 0x00000169d1960000]
CodeCache: size=245760Kb, used=4404Kb, max_used=4423Kb, free=241353Kb
 total_blobs=2285, nmethods=1612, adapters=579, full_count=0
Compilation: enabled, stopped_count=0, restarted_count=0

Compilation events (20 events):
Event: 8.015 Thread 0x00000169e5b5a1b0 nmethod 1596 0x00000169ca0c1d88 code [0x00000169ca0c1ec0, 0x00000169ca0c2180]
Event: 8.022 Thread 0x00000169e5b5a1b0 1597  s!   3       javax.swing.text.AbstractDocument::readLock (51 bytes)
Event: 8.022 Thread 0x00000169e5b5a1b0 nmethod 1597 0x00000169ca0c2208 code [0x00000169ca0c2360, 0x00000169ca0c28f0]
Event: 8.022 Thread 0x00000169e5b5a1b0 1598  s    3       javax.swing.text.AbstractDocument::readUnlock (44 bytes)
Event: 8.022 Thread 0x00000169e5b5a1b0 nmethod 1598 0x00000169ca0c2988 code [0x00000169ca0c2ae0, 0x00000169ca0c2f20]
Event: 8.022 Thread 0x00000169e5b5a1b0 1599       3       javax.swing.text.AbstractDocument$BranchElement::getStartOffset (10 bytes)
Event: 8.022 Thread 0x00000169e5b5a1b0 nmethod 1599 0x00000169ca0c2f88 code [0x00000169ca0c30c0, 0x00000169ca0c32c8]
Event: 8.022 Thread 0x00000169e5b37130 1600       4       sun.java2d.SunGraphics2D::setRenderingHint (543 bytes)
Event: 8.022 Thread 0x00000169e5b5a1b0 1601       3       javax.swing.plaf.basic.BasicTextUI::getVisibleEditorRect (111 bytes)
Event: 8.023 Thread 0x00000169e5b5a1b0 nmethod 1601 0x00000169ca0c3308 code [0x00000169ca0c3480, 0x00000169ca0c3b68]
Event: 8.027 Thread 0x00000169e5b37130 nmethod 1600 0x00000169d19ce208 code [0x00000169d19ce380, 0x00000169d19cece8]
Event: 8.237 Thread 0x00000169e5b37130 1603       4       java.awt.EventQueue::eventToCacheIndex (80 bytes)
Event: 8.238 Thread 0x00000169e5b37130 nmethod 1603 0x00000169d19cf108 code [0x00000169d19cf220, 0x00000169d19cf328]
Event: 8.249 Thread 0x00000169e5b37130 1604   !   4       sun.awt.PostEventQueue::flush (168 bytes)
Event: 8.535 Thread 0x00000169e5b5a1b0 1607       1       javax.swing.text.AbstractDocument$LeafElement::isLeaf (2 bytes)
Event: 8.535 Thread 0x00000169e5b5a1b0 nmethod 1607 0x00000169d19cf408 code [0x00000169d19cf520, 0x00000169d19cf5e8]
Event: 8.535 Thread 0x00000169e5b5a1b0 1608       1       javax.swing.text.SimpleAttributeSet$EmptyAttributeSet::isDefined (2 bytes)
Event: 8.535 Thread 0x00000169e5b5a1b0 nmethod 1608 0x00000169d19cf708 code [0x00000169d19cf820, 0x00000169d19cf8e8]
Event: 8.614 Thread 0x00000169e5b5a1b0 1609  s    3       javax.swing.RepaintManager::extendDirtyRegion (36 bytes)
Event: 8.614 Thread 0x00000169e5b5a1b0 nmethod 1609 0x00000169ca0c3c08 code [0x00000169ca0c3d60, 0x00000169ca0c42a8]

GC Heap History (0 events):
No events

Dll operation events (9 events):
Event: 0.015 Loaded shared library C:\Program Files\Java\jdk-23\bin\java.dll
Event: 0.057 Loaded shared library C:\Program Files\Java\jdk-23\bin\jsvml.dll
Event: 0.095 Loaded shared library C:\Program Files\Java\jdk-23\bin\net.dll
Event: 0.097 Loaded shared library C:\Program Files\Java\jdk-23\bin\nio.dll
Event: 0.168 Loaded shared library C:\Program Files\Java\jdk-23\bin\jimage.dll
Event: 0.175 Loaded shared library C:\Program Files\Java\jdk-23\bin\zip.dll
Event: 0.192 Loaded shared library C:\Program Files\Java\jdk-23\bin\awt.dll
Event: 0.492 Loaded shared library C:\Program Files\Java\jdk-23\bin\freetype.dll
Event: 0.493 Loaded shared library C:\Program Files\Java\jdk-23\bin\fontmanager.dll

Deoptimization events (20 events):
Event: 0.687 Thread 0x00000169e5b42ac0 Uncommon trap: trap_request=0xffffffc6 fr.pc=0x00000169d19a0f84 relative=0x0000000000000764
Event: 0.687 Thread 0x00000169e5b42ac0 Uncommon trap: reason=bimorphic_or_optimized_type_check action=maybe_recompile pc=0x00000169d19a0f84 method=java.util.concurrent.ConcurrentHashMap.get(Ljava/lang/Object;)Ljava/lang/Object; @ 149 c2
Event: 0.687 Thread 0x00000169e5b42ac0 DEOPT PACKING pc=0x00000169d19a0f84 sp=0x0000005fdbcfd480
Event: 0.687 Thread 0x00000169e5b42ac0 DEOPT UNPACKING pc=0x00000169d1427982 sp=0x0000005fdbcfd420 mode 2
Event: 0.688 Thread 0x00000169e5b42ac0 Uncommon trap: trap_request=0xffffffc6 fr.pc=0x00000169d19a0f84 relative=0x0000000000000764
Event: 0.688 Thread 0x00000169e5b42ac0 Uncommon trap: reason=bimorphic_or_optimized_type_check action=maybe_recompile pc=0x00000169d19a0f84 method=java.util.concurrent.ConcurrentHashMap.get(Ljava/lang/Object;)Ljava/lang/Object; @ 149 c2
Event: 0.688 Thread 0x00000169e5b42ac0 DEOPT PACKING pc=0x00000169d19a0f84 sp=0x0000005fdbcfd480
Event: 0.689 Thread 0x00000169e5b42ac0 DEOPT UNPACKING pc=0x00000169d1427982 sp=0x0000005fdbcfd420 mode 2
Event: 3.285 Thread 0x00000169e5b42ac0 Uncommon trap: trap_request=0xffffff45 fr.pc=0x00000169d19abec0 relative=0x00000000000000a0
Event: 3.285 Thread 0x00000169e5b42ac0 Uncommon trap: reason=unstable_if action=reinterpret pc=0x00000169d19abec0 method=java.awt.Component.inside(II)Z @ 21 c2
Event: 3.285 Thread 0x00000169e5b42ac0 DEOPT PACKING pc=0x00000169d19abec0 sp=0x0000005fdbcfe810
Event: 3.285 Thread 0x00000169e5b42ac0 DEOPT UNPACKING pc=0x00000169d1427982 sp=0x0000005fdbcfe6a8 mode 2
Event: 3.398 Thread 0x00000169e5b42ac0 Uncommon trap: trap_request=0xffffffc6 fr.pc=0x00000169d19a0f84 relative=0x0000000000000764
Event: 3.398 Thread 0x00000169e5b42ac0 Uncommon trap: reason=bimorphic_or_optimized_type_check action=maybe_recompile pc=0x00000169d19a0f84 method=java.util.concurrent.ConcurrentHashMap.get(Ljava/lang/Object;)Ljava/lang/Object; @ 149 c2
Event: 3.398 Thread 0x00000169e5b42ac0 DEOPT PACKING pc=0x00000169d19a0f84 sp=0x0000005fdbcfde70
Event: 3.398 Thread 0x00000169e5b42ac0 DEOPT UNPACKING pc=0x00000169d1427982 sp=0x0000005fdbcfde10 mode 2
Event: 3.412 Thread 0x00000169e5b42ac0 Uncommon trap: trap_request=0xffffffc6 fr.pc=0x00000169d19a0f84 relative=0x0000000000000764
Event: 3.412 Thread 0x00000169e5b42ac0 Uncommon trap: reason=bimorphic_or_optimized_type_check action=maybe_recompile pc=0x00000169d19a0f84 method=java.util.concurrent.ConcurrentHashMap.get(Ljava/lang/Object;)Ljava/lang/Object; @ 149 c2
Event: 3.412 Thread 0x00000169e5b42ac0 DEOPT PACKING pc=0x00000169d19a0f84 sp=0x0000005fdbcfde70
Event: 3.412 Thread 0x00000169e5b42ac0 DEOPT UNPACKING pc=0x00000169d1427982 sp=0x0000005fdbcfde10 mode 2

Classes loaded (20 events):
Event: 4.479 Loading class javax/swing/text/DefaultCaret$1
Event: 4.480 Loading class javax/swing/text/DefaultCaret$1 done
Event: 4.480 Loading class javax/swing/event/UndoableEditEvent
Event: 4.480 Loading class javax/swing/event/UndoableEditEvent done
Event: 4.480 Loading class javax/swing/text/AbstractDocument$DefaultDocumentEventUndoableWrapper
Event: 4.480 Loading class sun/swing/text/UndoableEditLockSupport
Event: 4.480 Loading class sun/swing/text/UndoableEditLockSupport done
Event: 4.480 Loading class javax/swing/text/AbstractDocument$DefaultDocumentEventUndoableWrapper done
Event: 4.480 Loading class javax/swing/event/UndoableEditListener
Event: 4.480 Loading class javax/swing/event/UndoableEditListener done
Event: 4.487 Loading class java/lang/invoke/BoundMethodHandle$Species_LLLLLLLLLL
Event: 4.487 Loading class java/lang/invoke/BoundMethodHandle$Species_LLLLLLLLLL done
Event: 4.490 Loading class java/lang/invoke/BoundMethodHandle$Species_LLLLLLLLLLL
Event: 4.490 Loading class java/lang/invoke/BoundMethodHandle$Species_LLLLLLLLLLL done
Event: 7.193 Loading class javax/swing/Autoscroller
Event: 7.195 Loading class javax/swing/Autoscroller done
Event: 7.322 Loading class javax/swing/text/DefaultHighlighter$LayeredHighlightInfo
Event: 7.322 Loading class javax/swing/text/DefaultHighlighter$HighlightInfo
Event: 7.323 Loading class javax/swing/text/DefaultHighlighter$HighlightInfo done
Event: 7.323 Loading class javax/swing/text/DefaultHighlighter$LayeredHighlightInfo done

Classes unloaded (0 events):
No events

Classes redefined (0 events):
No events

Internal exceptions (16 events):
Event: 0.113 Thread 0x00000169c175f5a0 Exception <a 'java/lang/NoSuchMethodError'{0x00000006239ae008}: 'void java.lang.invoke.DirectMethodHandle$Holder.invokeVirtual(java.lang.Object, java.lang.Object)'> (0x00000006239ae008) 
thrown [s\open\src\hotspot\share\interpreter\linkResolver.cpp, line 796]
Event: 0.116 Thread 0x00000169c175f5a0 Exception <a 'java/lang/NoSuchMethodError'{0x00000006239b97b8}: 'java.lang.Object java.lang.invoke.DirectMethodHandle$Holder.invokeInterface(java.lang.Object, java.lang.Object, java.lang.Object)'> (0x00000006239b97b8) 
thrown [s\open\src\hotspot\share\interpreter\linkResolver.cpp, line 796]
Event: 0.171 Thread 0x00000169c175f5a0 Exception <a 'sun/nio/fs/WindowsException'{0x0000000623af0b68}> (0x0000000623af0b68) 
thrown [s\open\src\hotspot\share\prims\jni.cpp, line 520]
Event: 0.181 Thread 0x00000169c175f5a0 Exception <a 'java/lang/ClassNotFoundException'{0x0000000623b0c570}: sun/awt/resources/spi/awtProvider> (0x0000000623b0c570) 
thrown [s\open\src\hotspot\share\classfile\systemDictionary.cpp, line 313]
Event: 0.203 Thread 0x00000169c175f5a0 Exception <a 'java/io/FileNotFoundException'{0x0000000623b5f3d8}> (0x0000000623b5f3d8) 
thrown [s\open\src\hotspot\share\prims\jni.cpp, line 520]
Event: 0.214 Thread 0x00000169c175f5a0 Exception <a 'java/io/FileNotFoundException'{0x0000000623b8d9e0}> (0x0000000623b8d9e0) 
thrown [s\open\src\hotspot\share\prims\jni.cpp, line 520]
Event: 0.329 Thread 0x00000169e5b42ac0 Exception <a 'java/lang/NoSuchMethodError'{0x000000062352aac0}: 'void java.lang.invoke.DirectMethodHandle$Holder.invokeSpecial(java.lang.Object, java.lang.Object, java.lang.Object)'> (0x000000062352aac0) 
thrown [s\open\src\hotspot\share\interpreter\linkResolver.cpp, line 796]
Event: 0.343 Thread 0x00000169e5b42ac0 Exception <a 'java/lang/NoSuchMethodError'{0x00000006235f5120}: 'java.lang.Object java.lang.invoke.DirectMethodHandle$Holder.invokeStatic(java.lang.Object, int, java.lang.Object)'> (0x00000006235f5120) 
thrown [s\open\src\hotspot\share\interpreter\linkResolver.cpp, line 796]
Event: 0.370 Thread 0x00000169e5b42ac0 Exception <a 'java/lang/ClassNotFoundException'{0x000000062369be80}: com/sun/swing/internal/plaf/metal/resources/spi/metalProvider> (0x000000062369be80) 
thrown [s\open\src\hotspot\share\classfile\systemDictionary.cpp, line 313]
Event: 0.371 Thread 0x00000169e5b42ac0 Exception <a 'java/lang/ClassNotFoundException'{0x000000062369fe40}: com/sun/swing/internal/plaf/basic/resources/spi/basicProvider> (0x000000062369fe40) 
thrown [s\open\src\hotspot\share\classfile\systemDictionary.cpp, line 313]
Event: 0.383 Thread 0x00000169e5b42ac0 Exception <a 'java/lang/NoSuchMethodError'{0x00000006236bf9f8}: 'int java.lang.invoke.Invokers$Holder.invokeExact_MT(java.lang.Object, java.lang.Object)'> (0x00000006236bf9f8) 
thrown [s\open\src\hotspot\share\interpreter\linkResolver.cpp, line 796]
Event: 0.485 Thread 0x00000169e5b42ac0 Exception <a 'java/lang/NoSuchMethodError'{0x00000006237e47d8}: 'void java.lang.invoke.DirectMethodHandle$Holder.invokeStaticInit(java.lang.Object)'> (0x00000006237e47d8) 
thrown [s\open\src\hotspot\share\interpreter\linkResolver.cpp, line 796]
Event: 0.527 Thread 0x00000169e5b42ac0 Exception <a 'sun/nio/fs/WindowsException'{0x00000006231303c8}> (0x00000006231303c8) 
thrown [s\open\src\hotspot\share\prims\jni.cpp, line 520]
Event: 4.489 Thread 0x00000169e5b42ac0 Exception <a 'java/lang/NoSuchMethodError'{0x000000062338b368}: 'java.lang.Object java.lang.invoke.DirectMethodHandle$Holder.invokeStatic(java.lang.Object, java.lang.Object, java.lang.Object, java.lang.Object, java.lang.Object, java.lang.Object, java.lang.Object, java.lang.Object, java.lang.Object, java.lang.Object, java.lang.Object, java.lang.Object, java.lang.Object)'> (0x000000062338b368) 
thrown [s\open\src\hotspot\share\interpreter\linkResolver.cpp, line 796]
Event: 4.491 Thread 0x00000169e5b42ac0 Exception <a 'java/lang/NoSuchMethodError'{0x00000006233ac038}: 'java.lang.Object java.lang.invoke.DirectMethodHandle$Holder.invokeStatic(java.lang.Object, java.lang.Object, java.lang.Object, java.lang.Object, java.lang.Object, java.lang.Object, java.lang.Object, java.lang.Object, java.lang.Object, java.lang.Object, java.lang.Object, java.lang.Object, java.lang.Object, java.lang.Object)'> (0x00000006233ac038) 
thrown [s\open\src\hotspot\share\interpreter\linkResolver.cpp, line 796]
Event: 4.492 Thread 0x00000169e5b42ac0 Exception <a 'java/lang/NoSuchMethodError'{0x00000006233beea8}: 'java.lang.Object java.lang.invoke.DelegatingMethodHandle$Holder.reinvoke_L(java.lang.Object, int, java.lang.Object, java.lang.Object, java.lang.Object, java.lang.Object, java.lang.Object, java.lang.Object, java.lang.Object, java.lang.Object, java.lang.Object, java.lang.Object, java.lang.Object, java.lang.Object)'> (0x00000006233beea8) 
thrown [s\open\src\hotspot\share\interpreter\linkResolver.cpp, line 796]

VM Operations (10 events):
Event: 0.227 Executing VM operation: HandshakeAllThreads (Deoptimize)
Event: 0.227 Executing VM operation: HandshakeAllThreads (Deoptimize) done
Event: 0.414 Executing VM operation: HandshakeAllThreads (Deoptimize)
Event: 0.414 Executing VM operation: HandshakeAllThreads (Deoptimize) done
Event: 0.500 Executing VM operation: HandshakeAllThreads (Deoptimize)
Event: 0.500 Executing VM operation: HandshakeAllThreads (Deoptimize) done
Event: 0.695 Executing VM operation: HandshakeAllThreads (Deoptimize)
Event: 0.695 Executing VM operation: HandshakeAllThreads (Deoptimize) done
Event: 0.715 Executing VM operation: HandshakeAllThreads (Deoptimize)
Event: 0.715 Executing VM operation: HandshakeAllThreads (Deoptimize) done

Memory protections (0 events):
No events

Nmethod flushes (0 events):
No events

Events (19 events):
Event: 0.033 Thread 0x00000169c175f5a0 Thread added: 0x00000169c175f5a0
Event: 0.053 Thread 0x00000169c175f5a0 Thread added: 0x00000169e3299ff0
Event: 0.053 Thread 0x00000169c175f5a0 Thread added: 0x00000169e329b7c0
Event: 0.053 Thread 0x00000169c175f5a0 Thread added: 0x00000169e5b33320
Event: 0.053 Thread 0x00000169c175f5a0 Thread added: 0x00000169e5b33e70
Event: 0.053 Thread 0x00000169c175f5a0 Thread added: 0x00000169e5b35dd0
Event: 0.053 Thread 0x00000169c175f5a0 Thread added: 0x00000169e5b42430
Event: 0.054 Thread 0x00000169c175f5a0 Thread added: 0x00000169e5b37130
Event: 0.054 Thread 0x00000169c175f5a0 Thread added: 0x00000169e5b5a1b0
Event: 0.086 Thread 0x00000169c175f5a0 Thread added: 0x00000169e5b41710
Event: 0.147 Thread 0x00000169c175f5a0 Thread added: 0x00000169e5b43150
Event: 0.263 Thread 0x00000169c175f5a0 Thread added: 0x00000169e5b409f0
Event: 0.265 Thread 0x00000169c175f5a0 Thread added: 0x00000169e5b437e0
Event: 0.266 Thread 0x00000169c175f5a0 Thread added: 0x00000169e5b41080
Event: 0.297 Thread 0x00000169c175f5a0 Thread added: 0x00000169e5b42ac0
Event: 0.297 Thread 0x00000169c175f5a0 Thread exited: 0x00000169c175f5a0
Event: 0.297 Thread 0x00000169e5b43e70 Thread added: 0x00000169e5b43e70
Event: 0.460 Thread 0x00000169e5b42ac0 Thread added: 0x00000169e5b41da0
Event: 0.714 Thread 0x00000169e5b42ac0 Thread added: 0x0000016a2c8872e0


Dynamic libraries:
0x00007ff7d59a0000 - 0x00007ff7d59b0000 	C:\Program Files\Java\jdk-23\bin\javaw.exe
0x00007ffc135e0000 - 0x00007ffc13846000 	C:\WINDOWS\SYSTEM32\ntdll.dll
0x00007ffc120f0000 - 0x00007ffc121b9000 	C:\WINDOWS\System32\KERNEL32.DLL
0x00007ffc10980000 - 0x00007ffc10d4c000 	C:\WINDOWS\System32\KERNELBASE.dll
0x00007ffc10f60000 - 0x00007ffc110ab000 	C:\WINDOWS\System32\ucrtbase.dll
0x00007ffbff720000 - 0x00007ffbff73b000 	C:\Program Files\Java\jdk-23\bin\VCRUNTIME140.dll
0x00007ffbff670000 - 0x00007ffbff687000 	C:\Program Files\Java\jdk-23\bin\jli.dll
0x00007ffc113a0000 - 0x00007ffc1156a000 	C:\WINDOWS\System32\USER32.dll
0x00007ffbf6e10000 - 0x00007ffbf70aa000 	C:\WINDOWS\WinSxS\amd64_microsoft.windows.common-controls_6595b64144ccf1df_6.0.26100.3912_none_3e07963ce335137e\COMCTL32.dll
0x00007ffc10d50000 - 0x00007ffc10d77000 	C:\WINDOWS\System32\win32u.dll
0x00007ffc134f0000 - 0x00007ffc13599000 	C:\WINDOWS\System32\msvcrt.dll
0x00007ffc12cc0000 - 0x00007ffc12ceb000 	C:\WINDOWS\System32\GDI32.dll
0x00007ffc10e20000 - 0x00007ffc10f52000 	C:\WINDOWS\System32\gdi32full.dll
0x00007ffc11230000 - 0x00007ffc112d3000 	C:\WINDOWS\System32\msvcp_win.dll
0x00007ffc11db0000 - 0x00007ffc11de0000 	C:\WINDOWS\System32\IMM32.DLL
0x00007ffc0d0d0000 - 0x00007ffc0d0dc000 	C:\Program Files\Java\jdk-23\bin\vcruntime140_1.dll
0x00007ffbd0f80000 - 0x00007ffbd100e000 	C:\Program Files\Java\jdk-23\bin\msvcp140.dll
0x00007ffba7600000 - 0x00007ffba8350000 	C:\Program Files\Java\jdk-23\bin\server\jvm.dll
0x00007ffc11e70000 - 0x00007ffc11f22000 	C:\WINDOWS\System32\ADVAPI32.dll
0x00007ffc12af0000 - 0x00007ffc12b96000 	C:\WINDOWS\System32\sechost.dll
0x00007ffc12ba0000 - 0x00007ffc12cb6000 	C:\WINDOWS\System32\RPCRT4.dll
0x00007ffc11570000 - 0x00007ffc115e4000 	C:\WINDOWS\System32\WS2_32.dll
0x00007ffc105c0000 - 0x00007ffc1061e000 	C:\WINDOWS\SYSTEM32\POWRPROF.dll
0x00007ffc06c10000 - 0x00007ffc06c46000 	C:\WINDOWS\SYSTEM32\WINMM.dll
0x00007ffc00cd0000 - 0x00007ffc00cdb000 	C:\WINDOWS\SYSTEM32\VERSION.dll
0x00007ffc105a0000 - 0x00007ffc105b4000 	C:\WINDOWS\SYSTEM32\UMPDC.dll
0x00007ffc0f4f0000 - 0x00007ffc0f50a000 	C:\WINDOWS\SYSTEM32\kernel.appcore.dll
0x00007ffc0aaf0000 - 0x00007ffc0aafa000 	C:\Program Files\Java\jdk-23\bin\jimage.dll
0x00007ffc0de00000 - 0x00007ffc0e041000 	C:\WINDOWS\SYSTEM32\DBGHELP.DLL
0x00007ffc117d0000 - 0x00007ffc11b54000 	C:\WINDOWS\System32\combase.dll
0x00007ffc11b80000 - 0x00007ffc11c60000 	C:\WINDOWS\System32\OLEAUT32.dll
0x00007ffc01ad0000 - 0x00007ffc01b09000 	C:\WINDOWS\SYSTEM32\dbgcore.DLL
0x00007ffc10d80000 - 0x00007ffc10e19000 	C:\WINDOWS\System32\bcryptPrimitives.dll
0x00007ffbf6720000 - 0x00007ffbf673e000 	C:\Program Files\Java\jdk-23\bin\java.dll
0x00007ffc115f0000 - 0x00007ffc1178f000 	C:\WINDOWS\System32\ole32.dll
0x00007ffc123b0000 - 0x00007ffc12add000 	C:\WINDOWS\System32\SHELL32.dll
0x00007ffc10800000 - 0x00007ffc10974000 	C:\WINDOWS\System32\wintypes.dll
0x00007ffc0e3a0000 - 0x00007ffc0ebf6000 	C:\WINDOWS\SYSTEM32\windows.storage.dll
0x00007ffc11ff0000 - 0x00007ffc120df000 	C:\WINDOWS\System32\SHCORE.dll
0x00007ffc11f80000 - 0x00007ffc11fe9000 	C:\WINDOWS\System32\shlwapi.dll
0x00007ffc10680000 - 0x00007ffc106af000 	C:\WINDOWS\SYSTEM32\profapi.dll
0x00007ffbbe740000 - 0x00007ffbbe817000 	C:\Program Files\Java\jdk-23\bin\jsvml.dll
0x00007ffc00260000 - 0x00007ffc00270000 	C:\Program Files\Java\jdk-23\bin\net.dll
0x00007ffc0fa40000 - 0x00007ffc0faaa000 	C:\WINDOWS\system32\mswsock.dll
0x00007ffbedb00000 - 0x00007ffbedb16000 	C:\Program Files\Java\jdk-23\bin\nio.dll
0x00007ffbed6a0000 - 0x00007ffbed6b7000 	C:\Program Files\Java\jdk-23\bin\zip.dll
0x00007ffba9ba0000 - 0x00007ffba9d2e000 	C:\Program Files\Java\jdk-23\bin\awt.dll
0x00007ffc0d120000 - 0x00007ffc0d1be000 	C:\WINDOWS\SYSTEM32\apphelp.dll
0x00007ffc0d450000 - 0x00007ffc0d4ff000 	C:\WINDOWS\system32\uxtheme.dll
0x00007ffc13370000 - 0x00007ffc134cf000 	C:\WINDOWS\System32\MSCTF.dll
0x00007ffc0d7c0000 - 0x00007ffc0d7f6000 	C:\WINDOWS\system32\DWMAPI.DLL
0x00007ffbd9410000 - 0x00007ffbd951c000 	C:\WINDOWS\system32\opengl32.dll
0x00007ffbd9e00000 - 0x00007ffbd9e2d000 	C:\WINDOWS\SYSTEM32\GLU32.dll
0x00007ffc0d730000 - 0x00007ffc0d777000 	C:\WINDOWS\SYSTEM32\dxcore.dll
0x00007ffbed760000 - 0x00007ffbed7e7000 	C:\Program Files\Java\jdk-23\bin\freetype.dll
0x00007ffba9e90000 - 0x00007ffba9f67000 	C:\Program Files\Java\jdk-23\bin\fontmanager.dll
0x00007ffc11d00000 - 0x00007ffc11da8000 	C:\WINDOWS\System32\clbcatq.dll
0x00007ffc0b070000 - 0x00007ffc0b2aa000 	C:\WINDOWS\SYSTEM32\WindowsCodecs.dll
0x00007ffbd52d0000 - 0x00007ffbd532a000 	C:\WINDOWS\system32\dataexchange.dll
0x00007ffc00940000 - 0x00007ffc00b7c000 	C:\WINDOWS\system32\twinapi.appcore.dll
0x00007ffbf3ad0000 - 0x00007ffbf3c1d000 	C:\WINDOWS\SYSTEM32\textinputframework.dll
0x00007ffc0c910000 - 0x00007ffc0ca36000 	C:\WINDOWS\SYSTEM32\CoreMessaging.dll
0x00007ffc08b40000 - 0x00007ffc08e23000 	C:\WINDOWS\SYSTEM32\CoreUIComponents.dll
0x00007ffc0fc70000 - 0x00007ffc0fc7c000 	C:\WINDOWS\SYSTEM32\CRYPTBASE.DLL

dbghelp: loaded successfully - version: 4.0.5 - missing functions: none
symbol engine: initialized successfully - sym options: 0x614 - pdb path: .;C:\Program Files\Java\jdk-23\bin;C:\WINDOWS\SYSTEM32;C:\WINDOWS\WinSxS\amd64_microsoft.windows.common-controls_6595b64144ccf1df_6.0.26100.3912_none_3e07963ce335137e;C:\Program Files\Java\jdk-23\bin\server

VM Arguments:
jvm_args: -Dfile.encoding=UTF-8 -Dstdout.encoding=UTF-8 -Dstderr.encoding=UTF-8 --module-path=C:\Users\manue\Downloads\Proyecto poo\Proyecto final\Proyecto final\Tienda\bin -XX:+ShowCodeDetailsInExceptionMessages -Djdk.module.main=Tienda 
java_command: Tienda/gui.VenAdministrador
java_class_path (initial): C:\Users\manue\Downloads\Proyecto poo\Proyecto final\Proyecto final\Tienda\com.jgoodies.forms_1.9.0.v20240327-0800.jar;C:\Users\manue\Downloads\Proyecto poo\Proyecto final\Proyecto final\Tienda\com.jgoodies.common_1.8.1.v20240327-0800.jar
Launcher Type: SUN_STANDARD

[Global flags]
     intx CICompilerCount                          = 4                                         {product} {ergonomic}
     uint ConcGCThreads                            = 2                                         {product} {ergonomic}
     uint G1ConcRefinementThreads                  = 8                                         {product} {ergonomic}
   size_t G1HeapRegionSize                         = 4194304                                   {product} {ergonomic}
   size_t InitialHeapSize                          = 532676608                                 {product} {ergonomic}
   size_t MarkStackSize                            = 4194304                                   {product} {ergonomic}
   size_t MarkStackSizeMax                         = 536870912                                 {product} {ergonomic}
   size_t MaxHeapSize                              = 8522825728                                {product} {ergonomic}
   size_t MaxNewSize                               = 5112856576                                {product} {ergonomic}
   size_t MinHeapDeltaBytes                        = 4194304                                   {product} {ergonomic}
   size_t MinHeapSize                              = 8388608                                   {product} {ergonomic}
    uintx NonNMethodCodeHeapSize                   = 5832704                                {pd product} {ergonomic}
    uintx NonProfiledCodeHeapSize                  = 122945536                              {pd product} {ergonomic}
    uintx ProfiledCodeHeapSize                     = 122880000                              {pd product} {ergonomic}
    uintx ReservedCodeCacheSize                    = 251658240                              {pd product} {ergonomic}
     bool SegmentedCodeCache                       = true                                      {product} {ergonomic}
     bool ShowCodeDetailsInExceptionMessages       = true                                   {manageable} {command line}
   size_t SoftMaxHeapSize                          = 8522825728                             {manageable} {ergonomic}
     bool UseCompressedOops                        = true                           {product lp64_product} {ergonomic}
     bool UseG1GC                                  = true                                      {product} {ergonomic}
     bool UseLargePagesIndividualAllocation        = false                                  {pd product} {ergonomic}

Logging:
Log output configuration:
 #0: stdout all=warning uptime,level,tags foldmultilines=false
 #1: stderr all=off uptime,level,tags foldmultilines=false

Environment Variables:
PATH=C:\Program Files\Common Files\Oracle\Java\javapath;C:\WINDOWS\system32;C:\WINDOWS;C:\WINDOWS\System32\Wbem;C:\WINDOWS\System32\WindowsPowerShell\v1.0\;C:\WINDOWS\System32\OpenSSH\;C:\Program Files\dotnet\;C:\Program Files\Git\cmd;C:\Program Files\Git\bin\git.exe;C:\Program Files\nodejs\;C:\ProgramData\chocolatey\bin;C:\Users\manue\AppData\Local\Programs\Python\Launcher\;C:\Users\manue\AppData\Local\Microsoft\WindowsApps;;C:\Users\manue\AppData\Local\Programs\Microsoft VS Code\bin;C:\Users\manue\.dotnet\tools;C:\Users\manue\AppData\Roaming\npm;C:\Program Files\JetBrains\PyCharm 2024.3.5\bin;;C:\Program Files\JetBrains\PyCharm Community Edition 2024.3.5\bin;
USERNAME=manue
OS=Windows_NT
PROCESSOR_IDENTIFIER=Intel64 Family 6 Model 140 Stepping 1, GenuineIntel
TMP=C:\Users\manue\AppData\Local\Temp
TEMP=C:\Users\manue\AppData\Local\Temp




Periodic native trim disabled

---------------  S Y S T E M  ---------------

OS:
 Windows 11 , 64 bit Build 26100 (10.0.26100.3912)
OS uptime: 3 days 1:26 hours
Hyper-V role detected

CPU: total 8 (initial active 8) (4 cores per cpu, 2 threads per core) family 6 model 140 stepping 1 microcode 0xb8, cx8, cmov, fxsr, ht, mmx, 3dnowpref, sse, sse2, sse3, ssse3, sse4.1, sse4.2, popcnt, lzcnt, tsc, tscinvbit, avx, avx2, aes, erms, clmul, bmi1, bmi2, adx, avx512f, avx512dq, avx512cd, avx512bw, avx512vl, sha, fma, vzeroupper, avx512_vpopcntdq, avx512_vpclmulqdq, avx512_vaes, avx512_vnni, clflush, clflushopt, clwb, avx512_vbmi2, avx512_vbmi, hv, rdtscp, rdpid, fsrm, gfni, avx512_bitalg, f16c, cet_ibt, cet_ss, avx512_ifma
Processor Information for the first 8 processors :
  Max Mhz: 1690, Current Mhz: 1690, Mhz Limit: 1690

Memory: 4k page, system-wide physical 32502M (817M free)
TotalPageFile size 62897M (AvailPageFile size 8M)
current process WorkingSet (physical memory assigned to process): 87M, peak: 87M
current process commit charge ("private bytes"): 621M, peak: 621M

vm_info: Java HotSpot(TM) 64-Bit Server VM (23.0.2+7-58) for windows-amd64 JRE (23.0.2+7-58), built on 2024-11-29T09:34:55Z with MS VC++ 17.6 (VS2022)

END.
